0 info it worked if it ends with ok
1 verbose cli [ '/Users/webdev/repos/groceries-ui/.node-env/bin/node',
1 verbose cli   '/Users/webdev/repos/groceries-ui/.node-env/bin/npm',
1 verbose cli   'start' ]
2 info using npm@3.3.12
3 info using node@v5.1.1
4 verbose run-script [ 'prestart', 'start', 'poststart' ]
5 info lifecycle groceries-ui@1.0.1~prestart: groceries-ui@1.0.1
6 silly lifecycle groceries-ui@1.0.1~prestart: no script for prestart, continuing
7 info lifecycle groceries-ui@1.0.1~start: groceries-ui@1.0.1
8 verbose lifecycle groceries-ui@1.0.1~start: unsafe-perm in lifecycle true
9 verbose lifecycle groceries-ui@1.0.1~start: PATH: /Users/webdev/repos/groceries-ui/.node-env/lib/node_modules/npm/bin/node-gyp-bin:/Users/webdev/repos/groceries-ui/node_modules/.bin:/Users/webdev/repos/groceries-ui/.node-env/bin:/Users/webdev/.rvm/gems/ruby-2.1.1/bin:/Users/webdev/.rvm/gems/ruby-2.1.1@global/bin:/Users/webdev/.rvm/rubies/ruby-2.1.1/bin:/Users/webdev/.rvm/bin:/usr/local/sbin:/usr/local/bin:/usr/local/bin:/usr/bin:/bin:/usr/sbin:/sbin:/Users/webdev/.rvm/gems/ruby-2.1.1/bin:/Users/webdev/.rvm/gems/ruby-2.1.1@global/bin:/Users/webdev/.rvm/rubies/ruby-2.1.1/bin:/Users/webdev/.rvm/bin:/usr/local/sbin:/Users/webdev/.rvm/bin
10 verbose lifecycle groceries-ui@1.0.1~start: CWD: /Users/webdev/repos/groceries-ui
11 silly lifecycle groceries-ui@1.0.1~start: Args: [ '-c',
11 silly lifecycle   'node ./node_modules/.bin/webpack-dev-server --content-base src --hot' ]
12 silly lifecycle groceries-ui@1.0.1~start: Returned: code: 1  signal: null
13 info lifecycle groceries-ui@1.0.1~start: Failed to exec start script
14 verbose stack Error: groceries-ui@1.0.1 start: `node ./node_modules/.bin/webpack-dev-server --content-base src --hot`
14 verbose stack Exit status 1
14 verbose stack     at EventEmitter.<anonymous> (/Users/webdev/repos/groceries-ui/.node-env/lib/node_modules/npm/lib/utils/lifecycle.js:232:16)
14 verbose stack     at emitTwo (events.js:87:13)
14 verbose stack     at EventEmitter.emit (events.js:172:7)
14 verbose stack     at ChildProcess.<anonymous> (/Users/webdev/repos/groceries-ui/.node-env/lib/node_modules/npm/lib/utils/spawn.js:24:14)
14 verbose stack     at emitTwo (events.js:87:13)
14 verbose stack     at ChildProcess.emit (events.js:172:7)
14 verbose stack     at maybeClose (internal/child_process.js:818:16)
14 verbose stack     at Process.ChildProcess._handle.onexit (internal/child_process.js:211:5)
15 verbose pkgid groceries-ui@1.0.1
16 verbose cwd /Users/webdev/repos/groceries-ui
17 error Darwin 15.0.0
18 error argv "/Users/webdev/repos/groceries-ui/.node-env/bin/node" "/Users/webdev/repos/groceries-ui/.node-env/bin/npm" "start"
19 error node v5.1.1
20 error npm  v3.3.12
21 error code ELIFECYCLE
22 error groceries-ui@1.0.1 start: `node ./node_modules/.bin/webpack-dev-server --content-base src --hot`
22 error Exit status 1
23 error Failed at the groceries-ui@1.0.1 start script 'node ./node_modules/.bin/webpack-dev-server --content-base src --hot'.
23 error Make sure you have the latest version of node.js and npm installed.
23 error If you do, this is most likely a problem with the groceries-ui package,
23 error not with npm itself.
23 error Tell the author that this fails on your system:
23 error     node ./node_modules/.bin/webpack-dev-server --content-base src --hot
23 error You can get their info via:
23 error     npm owner ls groceries-ui
23 error There is likely additional logging output above.
24 verbose exit [ 1, true ]
